{"level":"\u001b[32minfo\u001b[39m","message":"{\"method\":\"GET\",\"url\":\"/\",\"status\":\"200\",\"responseTime\":\"5.057\"}","timestamp":"2025-06-25T05:40:00.651Z"}
{"level":"\u001b[32minfo\u001b[39m","message":"{\"method\":\"GET\",\"url\":\"/favicon.ico\",\"status\":\"404\",\"responseTime\":\"0.420\"}","timestamp":"2025-06-25T05:40:01.484Z"}
{"level":"\u001b[32minfo\u001b[39m","message":"{\"method\":\"GET\",\"url\":\"/\",\"status\":\"304\",\"responseTime\":\"1.074\"}","timestamp":"2025-06-25T05:40:02.798Z"}
{"level":"\u001b[32minfo\u001b[39m","message":"{\"method\":\"GET\",\"url\":\"/\",\"status\":\"304\",\"responseTime\":\"0.360\"}","timestamp":"2025-06-25T05:40:03.551Z"}
{"level":"\u001b[32minfo\u001b[39m","message":"{\"method\":\"GET\",\"url\":\"/\",\"status\":\"304\",\"responseTime\":\"2.193\"}","timestamp":"2025-06-25T05:40:25.452Z"}
{"level":"\u001b[32minfo\u001b[39m","message":"{\"method\":\"GET\",\"url\":\"/\",\"status\":\"200\",\"responseTime\":\"3.595\"}","timestamp":"2025-06-25T09:16:52.704Z"}
{"level":"\u001b[32minfo\u001b[39m","message":"{\"method\":\"GET\",\"url\":\"/favicon.ico\",\"status\":\"404\",\"responseTime\":\"0.518\"}","timestamp":"2025-06-25T09:16:55.010Z"}
{"level":"\u001b[32minfo\u001b[39m","message":"{\"method\":\"POST\",\"url\":\"/api/v1/image\",\"status\":\"201\",\"responseTime\":\"9544.020\"}","timestamp":"2025-06-25T09:21:25.546Z"}
{"level":"\u001b[32minfo\u001b[39m","message":"{\"method\":\"POST\",\"url\":\"/api/v1/image\",\"status\":\"201\",\"responseTime\":\"1598.746\"}","timestamp":"2025-06-25T09:23:57.810Z"}
{"level":"\u001b[32minfo\u001b[39m","message":"{\"method\":\"POST\",\"url\":\"/api/v1/image\",\"status\":\"201\",\"responseTime\":\"1015.478\"}","timestamp":"2025-06-25T09:25:57.440Z"}
{"level":"\u001b[32minfo\u001b[39m","message":"{\"method\":\"POST\",\"url\":\"/api/v1/image\",\"status\":\"201\",\"responseTime\":\"2096.070\"}","timestamp":"2025-06-25T09:29:47.232Z"}
{"level":"\u001b[32minfo\u001b[39m","message":"{\"method\":\"POST\",\"url\":\"/api/v1/image\",\"status\":\"201\",\"responseTime\":\"330.740\"}","timestamp":"2025-06-25T09:30:39.904Z"}
{"level":"\u001b[32minfo\u001b[39m","message":"{\"method\":\"POST\",\"url\":\"/api/v1/image\",\"status\":\"201\",\"responseTime\":\"37050.275\"}","timestamp":"2025-06-25T09:42:34.418Z"}
{"level":"\u001b[32minfo\u001b[39m","message":"{\"method\":\"POST\",\"url\":\"/api/v1/image\",\"status\":\"201\",\"responseTime\":\"33147.953\"}","timestamp":"2025-06-25T09:52:11.189Z"}
{"level":"\u001b[32minfo\u001b[39m","message":"{\"method\":\"POST\",\"url\":\"/api/v1/image\",\"status\":\"201\",\"responseTime\":\"3141.286\"}","timestamp":"2025-06-25T09:54:18.652Z"}
{"level":"\u001b[32minfo\u001b[39m","message":"{\"method\":\"POST\",\"url\":\"/api/v1/image/multiple\",\"status\":\"500\",\"responseTime\":\"8.130\"}","timestamp":"2025-06-25T09:55:53.003Z"}
{"level":"\u001b[32minfo\u001b[39m","message":"{\"method\":\"POST\",\"url\":\"/api/v1/image/multiple\",\"status\":\"201\",\"responseTime\":\"6393.969\"}","timestamp":"2025-06-25T09:56:34.612Z"}
{"level":"\u001b[32minfo\u001b[39m","message":"{\"method\":\"POST\",\"url\":\"/api/v1/image/multiple\",\"status\":\"201\",\"responseTime\":\"2729.289\"}","timestamp":"2025-06-25T09:59:26.378Z"}
{"level":"\u001b[32minfo\u001b[39m","message":"{\"method\":\"DELETE\",\"url\":\"/api/v1/image/delete\",\"status\":\"200\",\"responseTime\":\"1063.310\"}","timestamp":"2025-06-25T10:02:26.943Z"}
{"level":"\u001b[32minfo\u001b[39m","message":"{\"method\":\"DELETE\",\"url\":\"/api/v1/image/bulk\",\"status\":\"400\",\"responseTime\":\"10.158\"}","timestamp":"2025-06-25T10:03:32.523Z"}
{"level":"\u001b[32minfo\u001b[39m","message":"{\"method\":\"DELETE\",\"url\":\"/api/v1/image/bulk\",\"status\":\"400\",\"responseTime\":\"1.175\"}","timestamp":"2025-06-25T10:03:49.274Z"}
{"level":"\u001b[32minfo\u001b[39m","message":"{\"method\":\"DELETE\",\"url\":\"/api/v1/image/bulk\",\"status\":\"400\",\"responseTime\":\"1.651\"}","timestamp":"2025-06-25T10:03:53.690Z"}
{"level":"\u001b[32minfo\u001b[39m","message":"{\"method\":\"DELETE\",\"url\":\"/api/v1/image/bulk\",\"status\":\"400\",\"responseTime\":\"0.755\"}","timestamp":"2025-06-25T10:04:33.959Z"}
{"level":"\u001b[32minfo\u001b[39m","message":"{\"method\":\"DELETE\",\"url\":\"/api/v1/image/bulk\",\"status\":\"400\",\"responseTime\":\"1.206\"}","timestamp":"2025-06-25T10:05:00.282Z"}
{"level":"\u001b[32minfo\u001b[39m","message":"{\"method\":\"DELETE\",\"url\":\"/api/v1/image/bulk\",\"status\":\"200\",\"responseTime\":\"6586.957\"}","timestamp":"2025-06-25T10:06:01.792Z"}
{"level":"\u001b[32minfo\u001b[39m","message":"{\"method\":\"DELETE\",\"url\":\"/api/v1/image/bulk\",\"status\":\"400\",\"responseTime\":\"10.076\"}","timestamp":"2025-06-25T10:06:16.909Z"}
{"level":"\u001b[32minfo\u001b[39m","message":"{\"method\":\"POST\",\"url\":\"/api/v1/image/multiple\",\"status\":\"401\",\"responseTime\":\"24.348\"}","timestamp":"2025-06-25T10:07:06.344Z"}
{"level":"\u001b[32minfo\u001b[39m","message":"{\"method\":\"POST\",\"url\":\"/api/v1/image/multiple\",\"status\":\"201\",\"responseTime\":\"3045.800\"}","timestamp":"2025-06-25T10:07:27.808Z"}
{"level":"\u001b[32minfo\u001b[39m","message":"{\"method\":\"POST\",\"url\":\"/api/v1/auth/login\",\"status\":\"200\",\"responseTime\":\"1051.183\"}","timestamp":"2025-06-25T10:19:16.159Z"}
{"level":"\u001b[32minfo\u001b[39m","message":"{\"method\":\"POST\",\"url\":\"/api/v1/file/\",\"status\":\"400\",\"responseTime\":\"7.461\"}","timestamp":"2025-06-25T10:19:46.881Z"}
{"level":"\u001b[32minfo\u001b[39m","message":"{\"method\":\"POST\",\"url\":\"/api/v1/file/\",\"status\":\"400\",\"responseTime\":\"125.202\"}","timestamp":"2025-06-25T10:21:13.429Z"}
{"level":"\u001b[32minfo\u001b[39m","message":"{\"method\":\"POST\",\"url\":\"/api/v1/file/\",\"status\":\"201\",\"responseTime\":\"778.505\"}","timestamp":"2025-06-25T10:22:11.352Z"}
{"level":"\u001b[32minfo\u001b[39m","message":"{\"method\":\"POST\",\"url\":\"/api/v1/file/\",\"status\":\"201\",\"responseTime\":\"25235.462\"}","timestamp":"2025-06-25T10:25:18.761Z"}
{"level":"\u001b[32minfo\u001b[39m","message":"{\"method\":\"POST\",\"url\":\"/api/v1/file/\",\"status\":\"400\",\"responseTime\":\"121.718\"}","timestamp":"2025-06-25T10:25:47.304Z"}
{"level":"\u001b[32minfo\u001b[39m","message":"{\"method\":\"POST\",\"url\":\"/api/v1/file/\",\"status\":\"201\",\"responseTime\":\"429.932\"}","timestamp":"2025-06-25T10:26:06.562Z"}
{"level":"\u001b[32minfo\u001b[39m","message":"{\"method\":\"POST\",\"url\":\"/api/v1/file/\",\"status\":\"201\",\"responseTime\":\"985.664\"}","timestamp":"2025-06-25T10:26:56.481Z"}
{"level":"\u001b[32minfo\u001b[39m","message":"{\"method\":\"POST\",\"url\":\"/api/v1/file/\",\"status\":\"400\",\"responseTime\":\"106.182\"}","timestamp":"2025-06-25T10:27:33.793Z"}
{"level":"\u001b[32minfo\u001b[39m","message":"{\"method\":\"POST\",\"url\":\"/api/v1/file/\",\"status\":\"400\",\"responseTime\":\"210.679\"}","timestamp":"2025-06-25T10:29:09.735Z"}
{"level":"\u001b[32minfo\u001b[39m","message":"{\"method\":\"POST\",\"url\":\"/api/v1/file/\",\"status\":\"201\",\"responseTime\":\"759.917\"}","timestamp":"2025-06-25T10:29:48.935Z"}
{"level":"\u001b[32minfo\u001b[39m","message":"{\"method\":\"POST\",\"url\":\"/api/v1/auth/login\",\"status\":\"400\",\"responseTime\":\"15.179\"}","timestamp":"2025-06-25T14:13:35.227Z"}
{"level":"\u001b[32minfo\u001b[39m","message":"{\"method\":\"POST\",\"url\":\"/api/v1/auth/login\",\"status\":\"500\",\"responseTime\":\"576.988\"}","timestamp":"2025-06-25T14:14:28.197Z"}
{"level":"\u001b[32minfo\u001b[39m","message":"{\"method\":\"POST\",\"url\":\"/api/v1/auth/login\",\"status\":\"500\",\"responseTime\":\"637.399\"}","timestamp":"2025-06-25T14:15:13.334Z"}
{"level":"\u001b[32minfo\u001b[39m","message":"{\"method\":\"POST\",\"url\":\"/api/v1/auth/login\",\"status\":\"500\",\"responseTime\":\"1113.598\"}","timestamp":"2025-06-25T14:16:17.494Z"}
{"level":"\u001b[32minfo\u001b[39m","message":"{\"method\":\"POST\",\"url\":\"/api/v1/auth/login\",\"status\":\"500\",\"responseTime\":\"596.970\"}","timestamp":"2025-06-25T14:16:51.753Z"}
{"level":"\u001b[32minfo\u001b[39m","message":"{\"method\":\"POST\",\"url\":\"/api/v1/auth/login\",\"status\":\"500\",\"responseTime\":\"600.149\"}","timestamp":"2025-06-25T14:17:11.648Z"}
{"level":"\u001b[32minfo\u001b[39m","message":"{\"method\":\"POST\",\"url\":\"/api/v1/auth/login\",\"status\":\"500\",\"responseTime\":\"587.134\"}","timestamp":"2025-06-25T14:17:31.549Z"}
{"level":"\u001b[32minfo\u001b[39m","message":"{\"method\":\"POST\",\"url\":\"/api/v1/auth/login\",\"status\":\"200\",\"responseTime\":\"1303.491\"}","timestamp":"2025-06-25T14:19:12.653Z"}
{"level":"\u001b[32minfo\u001b[39m","message":"{\"method\":\"POST\",\"url\":\"/api/v1/auth/login\",\"status\":\"200\",\"responseTime\":\"1399.397\"}","timestamp":"2025-06-25T14:20:20.330Z"}
{"level":"\u001b[32minfo\u001b[39m","message":"{\"method\":\"POST\",\"url\":\"/api/v1/auth/login\",\"status\":\"200\",\"responseTime\":\"1813.389\"}","timestamp":"2025-06-25T14:23:15.081Z"}
{"level":"\u001b[32minfo\u001b[39m","message":"{\"method\":\"POST\",\"url\":\"/api/v1/auth/login\",\"status\":\"200\",\"responseTime\":\"3441.115\"}","timestamp":"2025-06-25T14:31:37.497Z"}
{"level":"\u001b[32minfo\u001b[39m","message":"{\"method\":\"POST\",\"url\":\"/api/v1/auth/login\",\"status\":\"200\",\"responseTime\":\"1877.901\"}","timestamp":"2025-06-25T14:33:46.105Z"}
{"level":"\u001b[32minfo\u001b[39m","message":"{\"method\":\"POST\",\"url\":\"/api/v1/auth/login\",\"status\":\"200\",\"responseTime\":\"2453.923\"}","timestamp":"2025-06-25T14:33:48.942Z"}
{"level":"\u001b[32minfo\u001b[39m","message":"{\"method\":\"POST\",\"url\":\"/api/v1/auth/login\",\"status\":\"200\",\"responseTime\":\"1306.838\"}","timestamp":"2025-06-25T15:22:06.032Z"}
